# JRE version: Java(TM) SE Runtime Environment (14.0.1+7) (build 14.0.1+7)
# Java VM: Java HotSpot(TM) 64-Bit Server VM (14.0.1+7, mixed mode, sharing, tiered, compressed oops, g1 gc, windows-amd64)
Heap:
 garbage-first heap   total 262144K, used 179654K [0x00000000e0000000, 0x0000000100000000)
  region size 1024K, 44 young (45056K), 11 survivors (11264K)
 Metaspace       used 79825K, capacity 83355K, committed 83576K, reserved 327680K
  class space    used 10389K, capacity 11630K, committed 11724K, reserved 253952K
GC Heap History (20 events):
Event: 19.934 GC heap before
{Heap before GC invocations=5 (full 0):
 garbage-first heap   total 262144K, used 153322K [0x00000000e0000000, 0x0000000100000000)
  region size 1024K, 140 young (143360K), 9 survivors (9216K)
 Metaspace       used 34755K, capacity 35766K, committed 35840K, reserved 284672K
  class space    used 4797K, capacity 5174K, committed 5248K, reserved 253952K
}
Event: 19.956 GC heap after
{Heap after GC invocations=6 (full 0):
 garbage-first heap   total 262144K, used 27805K [0x00000000e0000000, 0x0000000100000000)
  region size 1024K, 18 young (18432K), 18 survivors (18432K)
 Metaspace       used 34755K, capacity 35766K, committed 35840K, reserved 284672K
  class space    used 4797K, capacity 5174K, committed 5248K, reserved 253952K
}
Event: 28.039 GC heap before
{Heap before GC invocations=7 (full 0):
 garbage-first heap   total 262144K, used 168093K [0x00000000e0000000, 0x0000000100000000)
  region size 1024K, 153 young (156672K), 18 survivors (18432K)
 Metaspace       used 51571K, capacity 53125K, committed 53376K, reserved 301056K
  class space    used 6933K, capacity 7530K, committed 7552K, reserved 253952K
}
Event: 28.062 GC heap after
{Heap after GC invocations=8 (full 0):
 garbage-first heap   total 262144K, used 42504K [0x00000000e0000000, 0x0000000100000000)
  region size 1024K, 20 young (20480K), 20 survivors (20480K)
 Metaspace       used 51571K, capacity 53125K, committed 53376K, reserved 301056K
  class space    used 6933K, capacity 7530K, committed 7552K, reserved 253952K
}
Event: 33.441 GC heap before
{Heap before GC invocations=8 (full 0):
 garbage-first heap   total 262144K, used 142856K [0x00000000e0000000, 0x0000000100000000)
  region size 1024K, 119 young (121856K), 20 survivors (20480K)
 Metaspace       used 58118K, capacity 59869K, committed 59948K, reserved 307200K
  class space    used 7862K, capacity 8567K, committed 8576K, reserved 253952K
}
Event: 33.465 GC heap after
{Heap after GC invocations=9 (full 0):
 garbage-first heap   total 262144K, used 54344K [0x00000000e0000000, 0x0000000100000000)
  region size 1024K, 11 young (11264K), 11 survivors (11264K)
 Metaspace       used 58118K, capacity 59869K, committed 59948K, reserved 307200K
  class space    used 7862K, capacity 8567K, committed 8576K, reserved 253952K
}
Event: 38.138 GC heap before
{Heap before GC invocations=10 (full 0):
 garbage-first heap   total 262144K, used 200776K [0x00000000e0000000, 0x0000000100000000)
  region size 1024K, 152 young (155648K), 11 survivors (11264K)
 Metaspace       used 65426K, capacity 68184K, committed 68216K, reserved 313344K
  class space    used 8900K, capacity 9901K, committed 9932K, reserved 253952K
}
Event: 38.165 GC heap after
{Heap after GC invocations=11 (full 0):
 garbage-first heap   total 262144K, used 78848K [0x00000000e0000000, 0x0000000100000000)
  region size 1024K, 19 young (19456K), 19 survivors (19456K)
 Metaspace       used 65426K, capacity 68184K, committed 68216K, reserved 313344K
  class space    used 8900K, capacity 9901K, committed 9932K, reserved 253952K
}
Event: 41.006 GC heap before
{Heap before GC invocations=11 (full 0):
 garbage-first heap   total 262144K, used 200704K [0x00000000e0000000, 0x0000000100000000)
  region size 1024K, 138 young (141312K), 19 survivors (19456K)
 Metaspace       used 69172K, capacity 72164K, committed 72312K, reserved 317440K
  class space    used 9318K, capacity 10389K, committed 10444K, reserved 253952K
}
Event: 41.040 GC heap after
{Heap after GC invocations=12 (full 0):
 garbage-first heap   total 262144K, used 101376K [0x00000000e0000000, 0x0000000100000000)
  region size 1024K, 18 young (18432K), 18 survivors (18432K)
 Metaspace       used 69172K, capacity 72164K, committed 72312K, reserved 317440K
  class space    used 9318K, capacity 10389K, committed 10444K, reserved 253952K
}
Event: 45.460 GC heap before
{Heap before GC invocations=12 (full 0):
 garbage-first heap   total 262144K, used 199680K [0x00000000e0000000, 0x0000000100000000)
  region size 1024K, 115 young (117760K), 18 survivors (18432K)
 Metaspace       used 72294K, capacity 75410K, committed 75512K, reserved 319488K
  class space    used 9707K, capacity 10815K, committed 10828K, reserved 253952K
}
Event: 45.481 GC heap after
{Heap after GC invocations=13 (full 0):
 garbage-first heap   total 262144K, used 108032K [0x00000000e0000000, 0x0000000100000000)
  region size 1024K, 6 young (6144K), 6 survivors (6144K)
 Metaspace       used 72294K, capacity 75410K, committed 75512K, reserved 319488K
  class space    used 9707K, capacity 10815K, committed 10828K, reserved 253952K
}
Event: 49.321 GC heap before
{Heap before GC invocations=13 (full 0):
 garbage-first heap   total 262144K, used 204288K [0x00000000e0000000, 0x0000000100000000)
  region size 1024K, 101 young (103424K), 6 survivors (6144K)
 Metaspace       used 72912K, capacity 76078K, committed 76152K, reserved 319488K
  class space    used 9773K, capacity 10899K, committed 10956K, reserved 253952K
}
Event: 49.332 GC heap after
{Heap after GC invocations=14 (full 0):
 garbage-first heap   total 262144K, used 113053K [0x00000000e0000000, 0x0000000100000000)
  region size 1024K, 11 young (11264K), 11 survivors (11264K)
 Metaspace       used 72912K, capacity 76078K, committed 76152K, reserved 319488K
  class space    used 9773K, capacity 10899K, committed 10956K, reserved 253952K
}
Event: 50.445 GC heap before
{Heap before GC invocations=14 (full 0):
 garbage-first heap   total 262144K, used 208285K [0x00000000e0000000, 0x0000000100000000)
  region size 1024K, 105 young (107520K), 11 survivors (11264K)
 Metaspace       used 73162K, capacity 76391K, committed 76536K, reserved 319488K
  class space    used 9794K, capacity 10978K, committed 11084K, reserved 253952K
}
Event: 50.459 GC heap after
{Heap after GC invocations=15 (full 0):
 garbage-first heap   total 262144K, used 117691K [0x00000000e0000000, 0x0000000100000000)
  region size 1024K, 10 young (10240K), 10 survivors (10240K)
 Metaspace       used 73162K, capacity 76391K, committed 76536K, reserved 319488K
  class space    used 9794K, capacity 10978K, committed 11084K, reserved 253952K
}
Event: 171.674 GC heap before
{Heap before GC invocations=15 (full 0):
 garbage-first heap   total 262144K, used 211899K [0x00000000e0000000, 0x0000000100000000)
  region size 1024K, 103 young (105472K), 10 survivors (10240K)
 Metaspace       used 79421K, capacity 82885K, committed 83064K, reserved 325632K
  class space    used 10375K, capacity 11607K, committed 11724K, reserved 253952K
}
Event: 171.698 GC heap after
{Heap after GC invocations=16 (full 0):
 garbage-first heap   total 262144K, used 131779K [0x00000000e0000000, 0x0000000100000000)
  region size 1024K, 13 young (13312K), 13 survivors (13312K)
 Metaspace       used 79421K, capacity 82885K, committed 83064K, reserved 325632K
  class space    used 10375K, capacity 11607K, committed 11724K, reserved 253952K
}
Event: 172.339 GC heap before
{Heap before GC invocations=16 (full 0):
 garbage-first heap   total 262144K, used 208579K [0x00000000e0000000, 0x0000000100000000)
  region size 1024K, 88 young (90112K), 13 survivors (13312K)
 Metaspace       used 79751K, capacity 83312K, committed 83576K, reserved 327680K
  class space    used 10386K, capacity 11625K, committed 11724K, reserved 253952K
}
Event: 172.373 GC heap after
{Heap after GC invocations=17 (full 0):
 garbage-first heap   total 262144K, used 147910K [0x00000000e0000000, 0x0000000100000000)
  region size 1024K, 11 young (11264K), 11 survivors (11264K)
 Metaspace       used 79751K, capacity 83312K, committed 83576K, reserved 327680K
  class space    used 10386K, capacity 11625K, committed 11724K, reserved 253952K
}

