# JRE version: Java(TM) SE Runtime Environment (14.0.1+7) (build 14.0.1+7)
# Java VM: Java HotSpot(TM) 64-Bit Server VM (14.0.1+7, mixed mode, sharing, tiered, compressed oops, g1 gc, windows-amd64)
Heap:
 garbage-first heap   total 281600K, used 225280K [0x00000000e0000000, 0x0000000100000000)
  region size 1024K, 80 young (81920K), 3 survivors (3072K)
 Metaspace       used 82104K, capacity 85780K, committed 86016K, reserved 329728K
  class space    used 10431K, capacity 11745K, committed 11776K, reserved 253952K
GC Heap History (20 events):
Event: 3555.660 GC heap after
{Heap after GC invocations=31 (full 0):
 garbage-first heap   total 281600K, used 112893K [0x00000000e0000000, 0x0000000100000000)
  region size 1024K, 1 young (1024K), 1 survivors (1024K)
 Metaspace       used 81064K, capacity 84646K, committed 84992K, reserved 327680K
  class space    used 10392K, capacity 11650K, committed 11776K, reserved 253952K
}
Event: 5299.500 GC heap before
{Heap before GC invocations=31 (full 0):
 garbage-first heap   total 281600K, used 224509K [0x00000000e0000000, 0x0000000100000000)
  region size 1024K, 111 young (113664K), 1 survivors (1024K)
 Metaspace       used 81478K, capacity 85029K, committed 85248K, reserved 327680K
  class space    used 10423K, capacity 11737K, committed 11776K, reserved 253952K
}
Event: 5299.520 GC heap after
{Heap after GC invocations=32 (full 0):
 garbage-first heap   total 281600K, used 131357K [0x00000000e0000000, 0x0000000100000000)
  region size 1024K, 14 young (14336K), 14 survivors (14336K)
 Metaspace       used 81478K, capacity 85029K, committed 85248K, reserved 327680K
  class space    used 10423K, capacity 11737K, committed 11776K, reserved 253952K
}
Event: 5300.201 GC heap before
{Heap before GC invocations=32 (full 0):
 garbage-first heap   total 281600K, used 220445K [0x00000000e0000000, 0x0000000100000000)
  region size 1024K, 101 young (103424K), 14 survivors (14336K)
 Metaspace       used 81526K, capacity 85225K, committed 85504K, reserved 327680K
  class space    used 10424K, capacity 11738K, committed 11776K, reserved 253952K
}
Event: 5300.230 GC heap after
{Heap after GC invocations=33 (full 0):
 garbage-first heap   total 281600K, used 148391K [0x00000000e0000000, 0x0000000100000000)
  region size 1024K, 13 young (13312K), 13 survivors (13312K)
 Metaspace       used 81526K, capacity 85225K, committed 85504K, reserved 327680K
  class space    used 10424K, capacity 11738K, committed 11776K, reserved 253952K
}
Event: 5301.260 GC heap before
{Heap before GC invocations=33 (full 0):
 garbage-first heap   total 281600K, used 221095K [0x00000000e0000000, 0x0000000100000000)
  region size 1024K, 85 young (87040K), 13 survivors (13312K)
 Metaspace       used 81640K, capacity 85371K, committed 85504K, reserved 327680K
  class space    used 10426K, capacity 11742K, committed 11776K, reserved 253952K
}
Event: 5301.276 GC heap after
{Heap after GC invocations=34 (full 0):
 garbage-first heap   total 281600K, used 151552K [0x00000000e0000000, 0x0000000100000000)
  region size 1024K, 3 young (3072K), 3 survivors (3072K)
 Metaspace       used 81640K, capacity 85371K, committed 85504K, reserved 327680K
  class space    used 10426K, capacity 11742K, committed 11776K, reserved 253952K
}
Event: 5378.448 GC heap before
{Heap before GC invocations=35 (full 0):
 garbage-first heap   total 281600K, used 209920K [0x00000000e0000000, 0x0000000100000000)
  region size 1024K, 76 young (77824K), 3 survivors (3072K)
 Metaspace       used 81502K, capacity 85083K, committed 85504K, reserved 327680K
  class space    used 10363K, capacity 11618K, committed 11776K, reserved 253952K
}
Event: 5378.453 GC heap after
{Heap after GC invocations=36 (full 0):
 garbage-first heap   total 281600K, used 134888K [0x00000000e0000000, 0x0000000100000000)
  region size 1024K, 3 young (3072K), 3 survivors (3072K)
 Metaspace       used 81502K, capacity 85083K, committed 85504K, reserved 327680K
  class space    used 10363K, capacity 11618K, committed 11776K, reserved 253952K
}
Event: 5498.654 GC heap before
{Heap before GC invocations=36 (full 0):
 garbage-first heap   total 281600K, used 145128K [0x00000000e0000000, 0x0000000100000000)
  region size 1024K, 13 young (13312K), 3 survivors (3072K)
 Metaspace       used 81542K, capacity 85109K, committed 85504K, reserved 327680K
  class space    used 10371K, capacity 11628K, committed 11776K, reserved 253952K
}
Event: 5498.670 GC heap after
{Heap after GC invocations=37 (full 0):
 garbage-first heap   total 281600K, used 113467K [0x00000000e0000000, 0x0000000100000000)
  region size 1024K, 2 young (2048K), 2 survivors (2048K)
 Metaspace       used 81542K, capacity 85109K, committed 85504K, reserved 327680K
  class space    used 10371K, capacity 11628K, committed 11776K, reserved 253952K
}
Event: 5503.114 GC heap before
{Heap before GC invocations=37 (full 0):
 garbage-first heap   total 281600K, used 224059K [0x00000000e0000000, 0x0000000100000000)
  region size 1024K, 110 young (112640K), 2 survivors (2048K)
 Metaspace       used 81990K, capacity 85577K, committed 85760K, reserved 329728K
  class space    used 10429K, capacity 11743K, committed 11776K, reserved 253952K
}
Event: 5503.140 GC heap after
{Heap after GC invocations=38 (full 0):
 garbage-first heap   total 281600K, used 136487K [0x00000000e0000000, 0x0000000100000000)
  region size 1024K, 14 young (14336K), 14 survivors (14336K)
 Metaspace       used 81990K, capacity 85577K, committed 85760K, reserved 329728K
  class space    used 10429K, capacity 11743K, committed 11776K, reserved 253952K
}
Event: 5503.643 GC heap before
{Heap before GC invocations=38 (full 0):
 garbage-first heap   total 281600K, used 220455K [0x00000000e0000000, 0x0000000100000000)
  region size 1024K, 96 young (98304K), 14 survivors (14336K)
 Metaspace       used 82015K, capacity 85705K, committed 85760K, reserved 329728K
  class space    used 10429K, capacity 11743K, committed 11776K, reserved 253952K
}
Event: 5503.675 GC heap after
{Heap after GC invocations=39 (full 0):
 garbage-first heap   total 281600K, used 152474K [0x00000000e0000000, 0x0000000100000000)
  region size 1024K, 12 young (12288K), 12 survivors (12288K)
 Metaspace       used 82015K, capacity 85705K, committed 85760K, reserved 329728K
  class space    used 10429K, capacity 11743K, committed 11776K, reserved 253952K
}
Event: 5504.843 GC heap before
{Heap before GC invocations=40 (full 0):
 garbage-first heap   total 281600K, used 221082K [0x00000000e0000000, 0x0000000100000000)
  region size 1024K, 80 young (81920K), 12 survivors (12288K)
 Metaspace       used 82070K, capacity 85771K, committed 86016K, reserved 329728K
  class space    used 10429K, capacity 11743K, committed 11776K, reserved 253952K
}
Event: 5504.858 GC heap after
{Heap after GC invocations=41 (full 0):
 garbage-first heap   total 281600K, used 155648K [0x00000000e0000000, 0x0000000100000000)
  region size 1024K, 3 young (3072K), 3 survivors (3072K)
 Metaspace       used 82070K, capacity 85771K, committed 86016K, reserved 329728K
  class space    used 10429K, capacity 11743K, committed 11776K, reserved 253952K
}
Event: 5505.165 GC heap before
{Heap before GC invocations=41 (full 0):
 garbage-first heap   total 281600K, used 164864K [0x00000000e0000000, 0x0000000100000000)
  region size 1024K, 13 young (13312K), 3 survivors (3072K)
 Metaspace       used 82070K, capacity 85771K, committed 86016K, reserved 329728K
  class space    used 10429K, capacity 11743K, committed 11776K, reserved 253952K
}
Event: 5505.210 GC heap after
{Heap after GC invocations=42 (full 0):
 garbage-first heap   total 281600K, used 146432K [0x00000000e0000000, 0x0000000100000000)
  region size 1024K, 1 young (1024K), 1 survivors (1024K)
 Metaspace       used 82070K, capacity 85771K, committed 86016K, reserved 329728K
  class space    used 10429K, capacity 11743K, committed 11776K, reserved 253952K
}
Event: 5769.801 GC heap before
{Heap before GC invocations=42 (full 0):
 garbage-first heap   total 281600K, used 225280K [0x00000000e0000000, 0x0000000100000000)
  region size 1024K, 78 young (79872K), 1 survivors (1024K)
 Metaspace       used 82104K, capacity 85780K, committed 86016K, reserved 329728K
  class space    used 10431K, capacity 11745K, committed 11776K, reserved 253952K
}

